[debug] [2022-12-20T18:26:05.303Z] ----------------------------------------------------------------------
[debug] [2022-12-20T18:26:05.304Z] Command:       C:\Program Files\nodejs\node.exe C:\Users\adria\AppData\Roaming\npm\node_modules\firebase-tools\lib\bin\firebase.js deploy
[debug] [2022-12-20T18:26:05.305Z] CLI Version:   11.19.0
[debug] [2022-12-20T18:26:05.305Z] Platform:      win32
[debug] [2022-12-20T18:26:05.305Z] Node Version:  v18.12.1
[debug] [2022-12-20T18:26:05.305Z] Time:          Tue Dec 20 2022 19:26:05 GMT+0100 (Central European Standard Time)
[debug] [2022-12-20T18:26:05.305Z] ----------------------------------------------------------------------
[debug] 
[debug] [2022-12-20T18:26:05.346Z] > command requires scopes: ["email","openid","https://www.googleapis.com/auth/cloudplatformprojects.readonly","https://www.googleapis.com/auth/firebase","https://www.googleapis.com/auth/cloud-platform"]
[debug] [2022-12-20T18:26:05.346Z] > authorizing via signed-in user (hello.mediahunters@gmail.com)
[debug] [2022-12-20T18:26:05.346Z] [iam] checking project afp-interactive-studio-18c1b for permissions ["firebase.projects.get","firebasehosting.sites.update"]
[debug] [2022-12-20T18:26:05.348Z] >>> [apiv2][query] POST https://cloudresourcemanager.googleapis.com/v1/projects/afp-interactive-studio-18c1b:testIamPermissions [none]
[debug] [2022-12-20T18:26:05.348Z] >>> [apiv2][(partial)header] POST https://cloudresourcemanager.googleapis.com/v1/projects/afp-interactive-studio-18c1b:testIamPermissions x-goog-quota-user=projects/afp-interactive-studio-18c1b
[debug] [2022-12-20T18:26:05.348Z] >>> [apiv2][body] POST https://cloudresourcemanager.googleapis.com/v1/projects/afp-interactive-studio-18c1b:testIamPermissions {"permissions":["firebase.projects.get","firebasehosting.sites.update"]}
[debug] [2022-12-20T18:26:06.194Z] <<< [apiv2][status] POST https://cloudresourcemanager.googleapis.com/v1/projects/afp-interactive-studio-18c1b:testIamPermissions 200
[debug] [2022-12-20T18:26:06.194Z] <<< [apiv2][body] POST https://cloudresourcemanager.googleapis.com/v1/projects/afp-interactive-studio-18c1b:testIamPermissions {"permissions":["firebase.projects.get","firebasehosting.sites.update"]}
[debug] [2022-12-20T18:26:06.195Z] >>> [apiv2][query] GET https://firebase.googleapis.com/v1beta1/projects/afp-interactive-studio-18c1b [none]
[debug] [2022-12-20T18:26:06.571Z] <<< [apiv2][status] GET https://firebase.googleapis.com/v1beta1/projects/afp-interactive-studio-18c1b 200
[debug] [2022-12-20T18:26:06.571Z] <<< [apiv2][body] GET https://firebase.googleapis.com/v1beta1/projects/afp-interactive-studio-18c1b {"projectId":"afp-interactive-studio-18c1b","projectNumber":"744453155933","displayName":"afp interactive studio","name":"projects/afp-interactive-studio-18c1b","resources":{"hostingSite":"afp-interactive-studio-18c1b","storageBucket":"afp-interactive-studio-18c1b.appspot.com","locationId":"europe-west"},"state":"ACTIVE","etag":"1_e172392b-60e2-4337-8719-671da905dee3"}
[debug] [2022-12-20T18:26:21.747Z] TypeError: Cannot read properties of null (reading 'toString')
    at ɵcodegenFunctionsDirectory (C:\Users\adria\AppData\Roaming\npm\node_modules\firebase-tools\lib\frameworks\next\index.js:220:18)
    at async prepareFrameworks (C:\Users\adria\AppData\Roaming\npm\node_modules\firebase-tools\lib\frameworks\index.js:305:84)
    at async deploy (C:\Users\adria\AppData\Roaming\npm\node_modules\firebase-tools\lib\deploy\index.js:53:13)
[error] 
[error] Error: An unexpected error has occurred.
